<?xml version="1.0" encoding="UTF-8"?>
<testng-results total="2" passed="2" failed="0" skipped="0">
  <reporter-output>
    <line>
      <![CDATA[Application opened]]>
    </line>
    <line>
      <![CDATA[Application opened]]>
    </line>
    <line>
      <![CDATA[Application opened]]>
    </line>
    <line>
      <![CDATA[Application opened]]>
    </line>
    <line>
      <![CDATA[Application opened]]>
    </line>
    <line>
      <![CDATA[Application opened]]>
    </line>
    <line>
      <![CDATA[Application opened]]>
    </line>
    <line>
      <![CDATA[Application emp add]]>
    </line>
    <line>
      <![CDATA[Application frame exit]]>
    </line>
    <line>
      <![CDATA[Application opened]]>
    </line>
  </reporter-output>
  <suite started-at="2023-11-28T15:21:44Z" name="Suite1" finished-at="2023-11-28T15:21:58Z" duration-ms="14405">
    <groups>
    </groups>
    <test started-at="2023-11-28T15:21:44Z" name="hrms" finished-at="2023-11-28T15:21:58Z" duration-ms="14405">
      <class name="com.hrms.testscripts.TC001">
        <test-method signature="tc001()[pri:0, instance:com.hrms.testscripts.TC001@60410cd]" started-at="2023-11-28T20:51:44Z" name="tc001" finished-at="2023-11-28T20:51:53Z" duration-ms="8818" status="PASS">
          <reporter-output>
            <line>
              <![CDATA[Application opened]]>
            </line>
            <line>
              <![CDATA[Application opened]]>
            </line>
            <line>
              <![CDATA[Application opened]]>
            </line>
            <line>
              <![CDATA[Application opened]]>
            </line>
          </reporter-output>
        </test-method> <!-- tc001 -->
      </class> <!-- com.hrms.testscripts.TC001 -->
      <class name="com.hrms.testscripts.TC002">
        <test-method signature="tc002()[pri:0, instance:com.hrms.testscripts.TC002@457c9034]" started-at="2023-11-28T20:51:53Z" name="tc002" finished-at="2023-11-28T20:51:58Z" duration-ms="5574" status="PASS">
          <reporter-output>
            <line>
              <![CDATA[Application opened]]>
            </line>
            <line>
              <![CDATA[Application opened]]>
            </line>
            <line>
              <![CDATA[Application opened]]>
            </line>
            <line>
              <![CDATA[Application emp add]]>
            </line>
            <line>
              <![CDATA[Application frame exit]]>
            </line>
            <line>
              <![CDATA[Application opened]]>
            </line>
          </reporter-output>
        </test-method> <!-- tc002 -->
      </class> <!-- com.hrms.testscripts.TC002 -->
    </test> <!-- hrms -->
  </suite> <!-- Suite1 -->
</testng-results>
